<?xml version="1.0" encoding="UTF-8"?>
<!-- Generated by org.testng.reporters.JUnitReportReporter -->
<testsuite skipped="0" hostname="DESKTOP-7S32HN3" name="com.testPages.Petstore" tests="4" failures="0" timestamp="21 Apr 2020 19:25:20 GMT" time="8.948" errors="0">
  <testcase name="validateAddPetTest" time="3.896" classname="com.testPages.Petstore"/>
  <testcase name="validateUpdatePetTest" time="1.947" classname="com.testPages.Petstore"/>
  <testcase name="validateGetPetTest" time="1.488" classname="com.testPages.Petstore"/>
  <testcase name="validateDeletePetTest" time="1.617" classname="com.testPages.Petstore"/>
</testsuite> <!-- com.testPages.Petstore -->
