<?xml version="1.0" encoding="UTF-8"?>
<!-- Generated by org.testng.reporters.JUnitReportReporter -->
<testsuite skipped="0" hostname="DESKTOP-7S32HN3" name="com.testPages.PetstoreTest" tests="4" failures="0" timestamp="21 Apr 2020 19:45:52 GMT" time="8.527" errors="0">
  <testcase name="validateAddPetTest" time="4.042" classname="com.testPages.PetstoreTest"/>
  <testcase name="validateUpdatePetTest" time="1.977" classname="com.testPages.PetstoreTest"/>
  <testcase name="validateGetPetTest" time="1.250" classname="com.testPages.PetstoreTest"/>
  <testcase name="validateDeletePetTest" time="1.258" classname="com.testPages.PetstoreTest"/>
</testsuite> <!-- com.testPages.PetstoreTest -->
